<?xml version="1.0" encoding="UTF-8"?>
<testng-results skipped="0" failed="0" total="1" passed="1">
  <reporter-output>
  </reporter-output>
  <suite name="Default suite" duration-ms="35998" started-at="2017-03-23T10:50:51Z" finished-at="2017-03-23T10:51:27Z">
    <groups>
    </groups>
    <test name="Default test" duration-ms="35998" started-at="2017-03-23T10:50:51Z" finished-at="2017-03-23T10:51:27Z">
      <class name="com.ClearTrip.TestCases.FlightBooking">
        <test-method status="PASS" signature="Before()[pri:0, instance:com.ClearTrip.TestCases.FlightBooking@1c78066]" name="Before" is-config="true" duration-ms="15" started-at="2017-03-23T16:20:51Z" finished-at="2017-03-23T16:20:51Z">
          <reporter-output>
          </reporter-output>
        </test-method> <!-- Before -->
        <test-method status="PASS" signature="flightBooking()[pri:0, instance:com.ClearTrip.TestCases.FlightBooking@1c78066]" name="flightBooking" duration-ms="35964" started-at="2017-03-23T16:20:51Z" description="Flight booking test case" finished-at="2017-03-23T16:21:27Z">
          <reporter-output>
          </reporter-output>
        </test-method> <!-- flightBooking -->
      </class> <!-- com.ClearTrip.TestCases.FlightBooking -->
    </test> <!-- Default test -->
  </suite> <!-- Default suite -->
</testng-results>
